# JRE version: OpenJDK Runtime Environment Temurin-17.0.9+9 (17.0.9+9) (build 17.0.9+9)
# Java VM: OpenJDK 64-Bit Server VM Temurin-17.0.9+9 (17.0.9+9, mixed mode, emulated-client, tiered, compressed oops, compressed class ptrs, g1 gc, windows-amd64)
GC Precious Log:
 CPUs: 4 total, 4 available
 Memory: 7669M
 Large Page Support: Disabled
 NUMA Support: Disabled
 Compressed Oops: Enabled (32-bit)
 Heap Region Size: 1M
 Heap Min Capacity: 8M
 Heap Initial Capacity: 120M
 Heap Max Capacity: 1918M
 Pre-touch: Disabled
 Parallel Workers: 4
 Concurrent Workers: 1
 Concurrent Refinement Workers: 4
 Periodic GC: Disabled
Heap:
 garbage-first heap   total 47104K, used 29696K [0x0000000088200000, 0x0000000100000000)
  region size 1024K, 18 young (18432K), 2 survivors (2048K)
 Metaspace       used 33476K, committed 33856K, reserved 1114112K
  class space    used 4222K, committed 4416K, reserved 1048576K
GC Heap History (14 events):
Event: 1.173 GC heap before
{Heap before GC invocations=0 (full 0):
 garbage-first heap   total 122880K, used 13312K [0x0000000088200000, 0x0000000100000000)
  region size 1024K, 13 young (13312K), 0 survivors (0K)
 Metaspace       used 12488K, committed 12672K, reserved 1114112K
  class space    used 1256K, committed 1344K, reserved 1048576K
}
Event: 1.181 GC heap after
{Heap after GC invocations=1 (full 0):
 garbage-first heap   total 122880K, used 6192K [0x0000000088200000, 0x0000000100000000)
  region size 1024K, 2 young (2048K), 2 survivors (2048K)
 Metaspace       used 12488K, committed 12672K, reserved 1114112K
  class space    used 1256K, committed 1344K, reserved 1048576K
}
Event: 1.504 GC heap before
{Heap before GC invocations=1 (full 0):
 garbage-first heap   total 122880K, used 15408K [0x0000000088200000, 0x0000000100000000)
  region size 1024K, 11 young (11264K), 2 survivors (2048K)
 Metaspace       used 15361K, committed 15616K, reserved 1114112K
  class space    used 1626K, committed 1728K, reserved 1048576K
}
Event: 1.510 GC heap after
{Heap after GC invocations=2 (full 0):
 garbage-first heap   total 122880K, used 7168K [0x0000000088200000, 0x0000000100000000)
  region size 1024K, 1 young (1024K), 1 survivors (1024K)
 Metaspace       used 15361K, committed 15616K, reserved 1114112K
  class space    used 1626K, committed 1728K, reserved 1048576K
}
Event: 2.164 GC heap before
{Heap before GC invocations=2 (full 0):
 garbage-first heap   total 122880K, used 32768K [0x0000000088200000, 0x0000000100000000)
  region size 1024K, 27 young (27648K), 1 survivors (1024K)
 Metaspace       used 21286K, committed 21504K, reserved 1114112K
  class space    used 2511K, committed 2624K, reserved 1048576K
}
Event: 2.171 GC heap after
{Heap after GC invocations=3 (full 0):
 garbage-first heap   total 122880K, used 9025K [0x0000000088200000, 0x0000000100000000)
  region size 1024K, 3 young (3072K), 3 survivors (3072K)
 Metaspace       used 21286K, committed 21504K, reserved 1114112K
  class space    used 2511K, committed 2624K, reserved 1048576K
}
Event: 2.479 GC heap before
{Heap before GC invocations=4 (full 0):
 garbage-first heap   total 37888K, used 27457K [0x0000000088200000, 0x0000000100000000)
  region size 1024K, 22 young (22528K), 3 survivors (3072K)
 Metaspace       used 24506K, committed 24832K, reserved 1114112K
  class space    used 3053K, committed 3200K, reserved 1048576K
}
Event: 2.486 GC heap after
{Heap after GC invocations=5 (full 0):
 garbage-first heap   total 37888K, used 10112K [0x0000000088200000, 0x0000000100000000)
  region size 1024K, 4 young (4096K), 4 survivors (4096K)
 Metaspace       used 24506K, committed 24832K, reserved 1114112K
  class space    used 3053K, committed 3200K, reserved 1048576K
}
Event: 2.663 GC heap before
{Heap before GC invocations=5 (full 0):
 garbage-first heap   total 37888K, used 23424K [0x0000000088200000, 0x0000000100000000)
  region size 1024K, 18 young (18432K), 4 survivors (4096K)
 Metaspace       used 27642K, committed 27968K, reserved 1114112K
  class space    used 3363K, committed 3520K, reserved 1048576K
}
Event: 2.671 GC heap after
{Heap after GC invocations=6 (full 0):
 garbage-first heap   total 37888K, used 11923K [0x0000000088200000, 0x0000000100000000)
  region size 1024K, 3 young (3072K), 3 survivors (3072K)
 Metaspace       used 27642K, committed 27968K, reserved 1114112K
  class space    used 3363K, committed 3520K, reserved 1048576K
}
Event: 2.857 GC heap before
{Heap before GC invocations=6 (full 0):
 garbage-first heap   total 37888K, used 24211K [0x0000000088200000, 0x0000000100000000)
  region size 1024K, 16 young (16384K), 3 survivors (3072K)
 Metaspace       used 29731K, committed 30016K, reserved 1114112K
  class space    used 3652K, committed 3776K, reserved 1048576K
}
Event: 2.863 GC heap after
{Heap after GC invocations=7 (full 0):
 garbage-first heap   total 37888K, used 12863K [0x0000000088200000, 0x0000000100000000)
  region size 1024K, 1 young (1024K), 1 survivors (1024K)
 Metaspace       used 29731K, committed 30016K, reserved 1114112K
  class space    used 3652K, committed 3776K, reserved 1048576K
}
Event: 3.086 GC heap before
{Heap before GC invocations=7 (full 0):
 garbage-first heap   total 37888K, used 25151K [0x0000000088200000, 0x0000000100000000)
  region size 1024K, 14 young (14336K), 1 survivors (1024K)
 Metaspace       used 31303K, committed 31616K, reserved 1114112K
  class space    used 3886K, committed 4032K, reserved 1048576K
}
Event: 3.091 GC heap after
{Heap after GC invocations=8 (full 0):
 garbage-first heap   total 47104K, used 14336K [0x0000000088200000, 0x0000000100000000)
  region size 1024K, 2 young (2048K), 2 survivors (2048K)
 Metaspace       used 31303K, committed 31616K, reserved 1114112K
  class space    used 3886K, committed 4032K, reserved 1048576K
}

