# JRE version: OpenJDK Runtime Environment Temurin-17.0.9+9 (17.0.9+9) (build 17.0.9+9)
# Java VM: OpenJDK 64-Bit Server VM Temurin-17.0.9+9 (17.0.9+9, mixed mode, emulated-client, tiered, compressed oops, compressed class ptrs, g1 gc, windows-amd64)
GC Precious Log:
 CPUs: 4 total, 4 available
 Memory: 7669M
 Large Page Support: Disabled
 NUMA Support: Disabled
 Compressed Oops: Enabled (32-bit)
 Heap Region Size: 1M
 Heap Min Capacity: 8M
 Heap Initial Capacity: 120M
 Heap Max Capacity: 1918M
 Pre-touch: Disabled
 Parallel Workers: 4
 Concurrent Workers: 1
 Concurrent Refinement Workers: 4
 Periodic GC: Disabled
Heap:
 garbage-first heap   total 61440K, used 46929K [0x0000000088200000, 0x0000000100000000)
  region size 1024K, 29 young (29696K), 3 survivors (3072K)
 Metaspace       used 54959K, committed 55488K, reserved 1114112K
  class space    used 7186K, committed 7424K, reserved 1048576K
GC Heap History (20 events):
Event: 1.677 GC heap after
{Heap after GC invocations=2 (full 0):
 garbage-first heap   total 122880K, used 7614K [0x0000000088200000, 0x0000000100000000)
  region size 1024K, 2 young (2048K), 2 survivors (2048K)
 Metaspace       used 15722K, committed 15936K, reserved 1114112K
  class space    used 1684K, committed 1792K, reserved 1048576K
}
Event: 2.332 GC heap before
{Heap before GC invocations=2 (full 0):
 garbage-first heap   total 122880K, used 31166K [0x0000000088200000, 0x0000000100000000)
  region size 1024K, 26 young (26624K), 2 survivors (2048K)
 Metaspace       used 21063K, committed 21312K, reserved 1114112K
  class space    used 2478K, committed 2560K, reserved 1048576K
}
Event: 2.338 GC heap after
{Heap after GC invocations=3 (full 0):
 garbage-first heap   total 122880K, used 9205K [0x0000000088200000, 0x0000000100000000)
  region size 1024K, 3 young (3072K), 3 survivors (3072K)
 Metaspace       used 21063K, committed 21312K, reserved 1114112K
  class space    used 2478K, committed 2560K, reserved 1048576K
}
Event: 2.359 GC heap before
{Heap before GC invocations=3 (full 0):
 garbage-first heap   total 122880K, used 10229K [0x0000000088200000, 0x0000000100000000)
  region size 1024K, 5 young (5120K), 3 survivors (3072K)
 Metaspace       used 21289K, committed 21568K, reserved 1114112K
  class space    used 2510K, committed 2624K, reserved 1048576K
}
Event: 2.364 GC heap after
{Heap after GC invocations=4 (full 0):
 garbage-first heap   total 122880K, used 9245K [0x0000000088200000, 0x0000000100000000)
  region size 1024K, 3 young (3072K), 3 survivors (3072K)
 Metaspace       used 21289K, committed 21568K, reserved 1114112K
  class space    used 2510K, committed 2624K, reserved 1048576K
}
Event: 2.716 GC heap before
{Heap before GC invocations=5 (full 0):
 garbage-first heap   total 40960K, used 29725K [0x0000000088200000, 0x0000000100000000)
  region size 1024K, 25 young (25600K), 3 survivors (3072K)
 Metaspace       used 25097K, committed 25408K, reserved 1114112K
  class space    used 3098K, committed 3264K, reserved 1048576K
}
Event: 2.723 GC heap after
{Heap after GC invocations=6 (full 0):
 garbage-first heap   total 40960K, used 10775K [0x0000000088200000, 0x0000000100000000)
  region size 1024K, 5 young (5120K), 5 survivors (5120K)
 Metaspace       used 25097K, committed 25408K, reserved 1114112K
  class space    used 3098K, committed 3264K, reserved 1048576K
}
Event: 2.732 GC heap before
{Heap before GC invocations=6 (full 0):
 garbage-first heap   total 40960K, used 11799K [0x0000000088200000, 0x0000000100000000)
  region size 1024K, 6 young (6144K), 5 survivors (5120K)
 Metaspace       used 25254K, committed 25600K, reserved 1114112K
  class space    used 3117K, committed 3264K, reserved 1048576K
}
Event: 2.739 GC heap after
{Heap after GC invocations=7 (full 0):
 garbage-first heap   total 40960K, used 11039K [0x0000000088200000, 0x0000000100000000)
  region size 1024K, 1 young (1024K), 1 survivors (1024K)
 Metaspace       used 25254K, committed 25600K, reserved 1114112K
  class space    used 3117K, committed 3264K, reserved 1048576K
}
Event: 2.974 GC heap before
{Heap before GC invocations=7 (full 0):
 garbage-first heap   total 40960K, used 26399K [0x0000000088200000, 0x0000000100000000)
  region size 1024K, 17 young (17408K), 1 survivors (1024K)
 Metaspace       used 28678K, committed 28992K, reserved 1114112K
  class space    used 3500K, committed 3648K, reserved 1048576K
}
Event: 2.977 GC heap after
{Heap after GC invocations=8 (full 0):
 garbage-first heap   total 40960K, used 12199K [0x0000000088200000, 0x0000000100000000)
  region size 1024K, 2 young (2048K), 2 survivors (2048K)
 Metaspace       used 28678K, committed 28992K, reserved 1114112K
  class space    used 3500K, committed 3648K, reserved 1048576K
}
Event: 3.190 GC heap before
{Heap before GC invocations=8 (full 0):
 garbage-first heap   total 40960K, used 27559K [0x0000000088200000, 0x0000000100000000)
  region size 1024K, 18 young (18432K), 2 survivors (2048K)
 Metaspace       used 30742K, committed 31040K, reserved 1114112K
  class space    used 3801K, committed 3968K, reserved 1048576K
}
Event: 3.196 GC heap after
{Heap after GC invocations=9 (full 0):
 garbage-first heap   total 82944K, used 13868K [0x0000000088200000, 0x0000000100000000)
  region size 1024K, 2 young (2048K), 2 survivors (2048K)
 Metaspace       used 30742K, committed 31040K, reserved 1114112K
  class space    used 3801K, committed 3968K, reserved 1048576K
}
Event: 4.133 GC heap before
{Heap before GC invocations=9 (full 0):
 garbage-first heap   total 82944K, used 48684K [0x0000000088200000, 0x0000000100000000)
  region size 1024K, 37 young (37888K), 2 survivors (2048K)
 Metaspace       used 35773K, committed 36160K, reserved 1114112K
  class space    used 4585K, committed 4800K, reserved 1048576K
}
Event: 4.143 GC heap after
{Heap after GC invocations=10 (full 0):
 garbage-first heap   total 82944K, used 16621K [0x0000000088200000, 0x0000000100000000)
  region size 1024K, 5 young (5120K), 5 survivors (5120K)
 Metaspace       used 35773K, committed 36160K, reserved 1114112K
  class space    used 4585K, committed 4800K, reserved 1048576K
}
Event: 5.034 GC heap before
{Heap before GC invocations=11 (full 0):
 garbage-first heap   total 61440K, used 48365K [0x0000000088200000, 0x0000000100000000)
  region size 1024K, 36 young (36864K), 5 survivors (5120K)
 Metaspace       used 40661K, committed 41088K, reserved 1114112K
  class space    used 5236K, committed 5440K, reserved 1048576K
}
Event: 5.046 GC heap after
{Heap after GC invocations=12 (full 0):
 garbage-first heap   total 61440K, used 18987K [0x0000000088200000, 0x0000000100000000)
  region size 1024K, 3 young (3072K), 3 survivors (3072K)
 Metaspace       used 40661K, committed 41088K, reserved 1114112K
  class space    used 5236K, committed 5440K, reserved 1048576K
}
Event: 5.728 GC heap before
{Heap before GC invocations=12 (full 0):
 garbage-first heap   total 61440K, used 45611K [0x0000000088200000, 0x0000000100000000)
  region size 1024K, 29 young (29696K), 3 survivors (3072K)
 Metaspace       used 45662K, committed 46080K, reserved 1114112K
  class space    used 5985K, committed 6208K, reserved 1048576K
}
Event: 5.736 GC heap after
{Heap after GC invocations=13 (full 0):
 garbage-first heap   total 61440K, used 20305K [0x0000000088200000, 0x0000000100000000)
  region size 1024K, 2 young (2048K), 2 survivors (2048K)
 Metaspace       used 45662K, committed 46080K, reserved 1114112K
  class space    used 5985K, committed 6208K, reserved 1048576K
}
Event: 6.831 GC heap before
{Heap before GC invocations=13 (full 0):
 garbage-first heap   total 61440K, used 45905K [0x0000000088200000, 0x0000000100000000)
  region size 1024K, 28 young (28672K), 2 survivors (2048K)
 Metaspace       used 54959K, committed 55488K, reserved 1114112K
  class space    used 7186K, committed 7424K, reserved 1048576K
}

