# JRE version: OpenJDK Runtime Environment Temurin-17.0.9+9 (17.0.9+9) (build 17.0.9+9)
# Java VM: OpenJDK 64-Bit Server VM Temurin-17.0.9+9 (17.0.9+9, mixed mode, emulated-client, tiered, compressed oops, compressed class ptrs, g1 gc, windows-amd64)
GC Precious Log:
 CPUs: 4 total, 4 available
 Memory: 7669M
 Large Page Support: Disabled
 NUMA Support: Disabled
 Compressed Oops: Enabled (32-bit)
 Heap Region Size: 1M
 Heap Min Capacity: 8M
 Heap Initial Capacity: 120M
 Heap Max Capacity: 1918M
 Pre-touch: Disabled
 Parallel Workers: 4
 Concurrent Workers: 1
 Concurrent Refinement Workers: 4
 Periodic GC: Disabled
Heap:
 garbage-first heap   total 40960K, used 20332K [0x0000000088200000, 0x0000000100000000)
  region size 1024K, 12 young (12288K), 2 survivors (2048K)
 Metaspace       used 29824K, committed 30208K, reserved 1114112K
  class space    used 3664K, committed 3840K, reserved 1048576K
GC Heap History (12 events):
Event: 4.329 GC heap before
{Heap before GC invocations=0 (full 0):
 garbage-first heap   total 122880K, used 13312K [0x0000000088200000, 0x0000000100000000)
  region size 1024K, 13 young (13312K), 0 survivors (0K)
 Metaspace       used 12123K, committed 12352K, reserved 1114112K
  class space    used 1229K, committed 1344K, reserved 1048576K
}
Event: 4.345 GC heap after
{Heap after GC invocations=1 (full 0):
 garbage-first heap   total 122880K, used 6341K [0x0000000088200000, 0x0000000100000000)
  region size 1024K, 2 young (2048K), 2 survivors (2048K)
 Metaspace       used 12123K, committed 12352K, reserved 1114112K
  class space    used 1229K, committed 1344K, reserved 1048576K
}
Event: 5.103 GC heap before
{Heap before GC invocations=1 (full 0):
 garbage-first heap   total 122880K, used 17605K [0x0000000088200000, 0x0000000100000000)
  region size 1024K, 13 young (13312K), 2 survivors (2048K)
 Metaspace       used 16152K, committed 16384K, reserved 1114112K
  class space    used 1744K, committed 1856K, reserved 1048576K
}
Event: 5.111 GC heap after
{Heap after GC invocations=2 (full 0):
 garbage-first heap   total 122880K, used 7807K [0x0000000088200000, 0x0000000100000000)
  region size 1024K, 2 young (2048K), 2 survivors (2048K)
 Metaspace       used 16152K, committed 16384K, reserved 1114112K
  class space    used 1744K, committed 1856K, reserved 1048576K
}
Event: 6.466 GC heap before
{Heap before GC invocations=2 (full 0):
 garbage-first heap   total 122880K, used 31359K [0x0000000088200000, 0x0000000100000000)
  region size 1024K, 26 young (26624K), 2 survivors (2048K)
 Metaspace       used 21299K, committed 21504K, reserved 1114112K
  class space    used 2518K, committed 2624K, reserved 1048576K
}
Event: 6.474 GC heap after
{Heap after GC invocations=3 (full 0):
 garbage-first heap   total 122880K, used 9471K [0x0000000088200000, 0x0000000100000000)
  region size 1024K, 3 young (3072K), 3 survivors (3072K)
 Metaspace       used 21299K, committed 21504K, reserved 1114112K
  class space    used 2518K, committed 2624K, reserved 1048576K
}
Event: 7.074 GC heap before
{Heap before GC invocations=4 (full 0):
 garbage-first heap   total 40960K, used 29951K [0x0000000088200000, 0x0000000100000000)
  region size 1024K, 24 young (24576K), 3 survivors (3072K)
 Metaspace       used 25244K, committed 25536K, reserved 1114112K
  class space    used 3095K, committed 3264K, reserved 1048576K
}
Event: 7.083 GC heap after
{Heap after GC invocations=5 (full 0):
 garbage-first heap   total 40960K, used 10710K [0x0000000088200000, 0x0000000100000000)
  region size 1024K, 2 young (2048K), 2 survivors (2048K)
 Metaspace       used 25244K, committed 25536K, reserved 1114112K
  class space    used 3095K, committed 3264K, reserved 1048576K
}
Event: 7.130 GC heap before
{Heap before GC invocations=5 (full 0):
 garbage-first heap   total 40960K, used 11734K [0x0000000088200000, 0x0000000100000000)
  region size 1024K, 3 young (3072K), 2 survivors (2048K)
 Metaspace       used 25577K, committed 25856K, reserved 1114112K
  class space    used 3128K, committed 3264K, reserved 1048576K
}
Event: 7.133 GC heap after
{Heap after GC invocations=6 (full 0):
 garbage-first heap   total 40960K, used 10331K [0x0000000088200000, 0x0000000100000000)
  region size 1024K, 1 young (1024K), 1 survivors (1024K)
 Metaspace       used 25577K, committed 25856K, reserved 1114112K
  class space    used 3128K, committed 3264K, reserved 1048576K
}
Event: 7.480 GC heap before
{Heap before GC invocations=6 (full 0):
 garbage-first heap   total 40960K, used 25691K [0x0000000088200000, 0x0000000100000000)
  region size 1024K, 17 young (17408K), 1 survivors (1024K)
 Metaspace       used 28908K, committed 29184K, reserved 1114112K
  class space    used 3515K, committed 3648K, reserved 1048576K
}
Event: 7.484 GC heap after
{Heap after GC invocations=7 (full 0):
 garbage-first heap   total 40960K, used 12140K [0x0000000088200000, 0x0000000100000000)
  region size 1024K, 2 young (2048K), 2 survivors (2048K)
 Metaspace       used 28908K, committed 29184K, reserved 1114112K
  class space    used 3515K, committed 3648K, reserved 1048576K
}

