# JRE version: OpenJDK Runtime Environment Temurin-17.0.9+9 (17.0.9+9) (build 17.0.9+9)
# Java VM: OpenJDK 64-Bit Server VM Temurin-17.0.9+9 (17.0.9+9, mixed mode, emulated-client, tiered, compressed oops, compressed class ptrs, g1 gc, windows-amd64)
GC Precious Log:
 CPUs: 4 total, 4 available
 Memory: 7669M
 Large Page Support: Disabled
 NUMA Support: Disabled
 Compressed Oops: Enabled (32-bit)
 Heap Region Size: 1M
 Heap Min Capacity: 8M
 Heap Initial Capacity: 120M
 Heap Max Capacity: 1918M
 Pre-touch: Disabled
 Parallel Workers: 4
 Concurrent Workers: 1
 Concurrent Refinement Workers: 4
 Periodic GC: Disabled
Heap:
 garbage-first heap   total 73728K, used 53770K [0x0000000088200000, 0x0000000100000000)
  region size 1024K, 22 young (22528K), 2 survivors (2048K)
 Metaspace       used 88212K, committed 88832K, reserved 1179648K
  class space    used 11880K, committed 12160K, reserved 1048576K
GC Heap History (20 events):
Event: 6.081 GC heap before
{Heap before GC invocations=12 (full 0):
 garbage-first heap   total 61440K, used 45659K [0x0000000088200000, 0x0000000100000000)
  region size 1024K, 30 young (30720K), 3 survivors (3072K)
 Metaspace       used 47033K, committed 47552K, reserved 1114112K
  class space    used 6205K, committed 6464K, reserved 1048576K
}
Event: 6.088 GC heap after
{Heap after GC invocations=13 (full 0):
 garbage-first heap   total 61440K, used 20226K [0x0000000088200000, 0x0000000100000000)
  region size 1024K, 2 young (2048K), 2 survivors (2048K)
 Metaspace       used 47033K, committed 47552K, reserved 1114112K
  class space    used 6205K, committed 6464K, reserved 1048576K
}
Event: 7.050 GC heap before
{Heap before GC invocations=13 (full 0):
 garbage-first heap   total 61440K, used 46850K [0x0000000088200000, 0x0000000100000000)
  region size 1024K, 29 young (29696K), 2 survivors (2048K)
 Metaspace       used 56230K, committed 56704K, reserved 1114112K
  class space    used 7366K, committed 7616K, reserved 1048576K
}
Event: 7.056 GC heap after
{Heap after GC invocations=14 (full 0):
 garbage-first heap   total 61440K, used 22834K [0x0000000088200000, 0x0000000100000000)
  region size 1024K, 4 young (4096K), 4 survivors (4096K)
 Metaspace       used 56230K, committed 56704K, reserved 1114112K
  class space    used 7366K, committed 7616K, reserved 1048576K
}
Event: 7.548 GC heap before
{Heap before GC invocations=14 (full 0):
 garbage-first heap   total 61440K, used 41266K [0x0000000088200000, 0x0000000100000000)
  region size 1024K, 23 young (23552K), 4 survivors (4096K)
 Metaspace       used 59985K, committed 60480K, reserved 1114112K
  class space    used 7863K, committed 8064K, reserved 1048576K
}
Event: 7.555 GC heap after
{Heap after GC invocations=15 (full 0):
 garbage-first heap   total 61440K, used 23969K [0x0000000088200000, 0x0000000100000000)
  region size 1024K, 2 young (2048K), 2 survivors (2048K)
 Metaspace       used 59985K, committed 60480K, reserved 1114112K
  class space    used 7863K, committed 8064K, reserved 1048576K
}
Event: 8.209 GC heap before
{Heap before GC invocations=16 (full 0):
 garbage-first heap   total 61440K, used 46497K [0x0000000088200000, 0x0000000100000000)
  region size 1024K, 25 young (25600K), 2 survivors (2048K)
 Metaspace       used 65220K, committed 65728K, reserved 1114112K
  class space    used 8812K, committed 9024K, reserved 1048576K
}
Event: 8.213 GC heap after
{Heap after GC invocations=17 (full 0):
 garbage-first heap   total 61440K, used 24364K [0x0000000088200000, 0x0000000100000000)
  region size 1024K, 2 young (2048K), 2 survivors (2048K)
 Metaspace       used 65220K, committed 65728K, reserved 1114112K
  class space    used 8812K, committed 9024K, reserved 1048576K
}
Event: 8.840 GC heap before
{Heap before GC invocations=18 (full 0):
 garbage-first heap   total 61440K, used 48940K [0x0000000088200000, 0x0000000100000000)
  region size 1024K, 26 young (26624K), 2 survivors (2048K)
 Metaspace       used 69822K, committed 70400K, reserved 1114112K
  class space    used 9462K, committed 9728K, reserved 1048576K
}
Event: 8.847 GC heap after
{Heap after GC invocations=19 (full 0):
 garbage-first heap   total 61440K, used 26015K [0x0000000088200000, 0x0000000100000000)
  region size 1024K, 4 young (4096K), 4 survivors (4096K)
 Metaspace       used 69822K, committed 70400K, reserved 1114112K
  class space    used 9462K, committed 9728K, reserved 1048576K
}
Event: 9.221 GC heap before
{Heap before GC invocations=19 (full 0):
 garbage-first heap   total 61440K, used 47519K [0x0000000088200000, 0x0000000100000000)
  region size 1024K, 26 young (26624K), 4 survivors (4096K)
 Metaspace       used 72337K, committed 72896K, reserved 1114112K
  class space    used 9907K, committed 10176K, reserved 1048576K
}
Event: 9.229 GC heap after
{Heap after GC invocations=20 (full 0):
 garbage-first heap   total 61440K, used 27222K [0x0000000088200000, 0x0000000100000000)
  region size 1024K, 3 young (3072K), 3 survivors (3072K)
 Metaspace       used 72337K, committed 72896K, reserved 1114112K
  class space    used 9907K, committed 10176K, reserved 1048576K
}
Event: 9.441 GC heap before
{Heap before GC invocations=20 (full 0):
 garbage-first heap   total 61440K, used 48726K [0x0000000088200000, 0x0000000100000000)
  region size 1024K, 25 young (25600K), 3 survivors (3072K)
 Metaspace       used 74036K, committed 74560K, reserved 1114112K
  class space    used 10271K, committed 10496K, reserved 1048576K
}
Event: 9.449 GC heap after
{Heap after GC invocations=21 (full 0):
 garbage-first heap   total 73728K, used 28581K [0x0000000088200000, 0x0000000100000000)
  region size 1024K, 3 young (3072K), 3 survivors (3072K)
 Metaspace       used 74036K, committed 74560K, reserved 1114112K
  class space    used 10271K, committed 10496K, reserved 1048576K
}
Event: 10.042 GC heap before
{Heap before GC invocations=21 (full 0):
 garbage-first heap   total 73728K, used 58277K [0x0000000088200000, 0x0000000100000000)
  region size 1024K, 32 young (32768K), 3 survivors (3072K)
 Metaspace       used 77006K, committed 77568K, reserved 1179648K
  class space    used 10697K, committed 10944K, reserved 1048576K
}
Event: 10.051 GC heap after
{Heap after GC invocations=22 (full 0):
 garbage-first heap   total 73728K, used 30907K [0x0000000088200000, 0x0000000100000000)
  region size 1024K, 4 young (4096K), 4 survivors (4096K)
 Metaspace       used 77006K, committed 77568K, reserved 1179648K
  class space    used 10697K, committed 10944K, reserved 1048576K
}
Event: 21.458 GC heap before
{Heap before GC invocations=22 (full 0):
 garbage-first heap   total 73728K, used 57531K [0x0000000088200000, 0x0000000100000000)
  region size 1024K, 31 young (31744K), 4 survivors (4096K)
 Metaspace       used 80856K, committed 81472K, reserved 1179648K
  class space    used 11204K, committed 11520K, reserved 1048576K
}
Event: 21.474 GC heap after
{Heap after GC invocations=23 (full 0):
 garbage-first heap   total 73728K, used 33446K [0x0000000088200000, 0x0000000100000000)
  region size 1024K, 3 young (3072K), 3 survivors (3072K)
 Metaspace       used 80856K, committed 81472K, reserved 1179648K
  class space    used 11204K, committed 11520K, reserved 1048576K
}
Event: 22.293 GC heap before
{Heap before GC invocations=23 (full 0):
 garbage-first heap   total 73728K, used 56998K [0x0000000088200000, 0x0000000100000000)
  region size 1024K, 27 young (27648K), 3 survivors (3072K)
 Metaspace       used 85998K, committed 86592K, reserved 1179648K
  class space    used 11641K, committed 11904K, reserved 1048576K
}
Event: 22.309 GC heap after
{Heap after GC invocations=24 (full 0):
 garbage-first heap   total 73728K, used 35338K [0x0000000088200000, 0x0000000100000000)
  region size 1024K, 2 young (2048K), 2 survivors (2048K)
 Metaspace       used 85998K, committed 86592K, reserved 1179648K
  class space    used 11641K, committed 11904K, reserved 1048576K
}

