# JRE version: OpenJDK Runtime Environment Temurin-17.0.9+9 (17.0.9+9) (build 17.0.9+9)
# Java VM: OpenJDK 64-Bit Server VM Temurin-17.0.9+9 (17.0.9+9, mixed mode, emulated-client, tiered, compressed oops, compressed class ptrs, g1 gc, windows-amd64)
GC Precious Log:
 CPUs: 4 total, 4 available
 Memory: 7669M
 Large Page Support: Disabled
 NUMA Support: Disabled
 Compressed Oops: Enabled (32-bit)
 Heap Region Size: 1M
 Heap Min Capacity: 8M
 Heap Initial Capacity: 120M
 Heap Max Capacity: 1918M
 Pre-touch: Disabled
 Parallel Workers: 4
 Concurrent Workers: 1
 Concurrent Refinement Workers: 4
 Periodic GC: Disabled
Heap:
 garbage-first heap   total 65536K, used 49265K [0x0000000088200000, 0x0000000100000000)
  region size 1024K, 31 young (31744K), 2 survivors (2048K)
 Metaspace       used 56410K, committed 56896K, reserved 1114112K
  class space    used 7390K, committed 7616K, reserved 1048576K
GC Heap History (20 events):
Event: 1.060 GC heap before
{Heap before GC invocations=0 (full 0):
 garbage-first heap   total 122880K, used 13312K [0x0000000088200000, 0x0000000100000000)
  region size 1024K, 13 young (13312K), 0 survivors (0K)
 Metaspace       used 12488K, committed 12672K, reserved 1114112K
  class space    used 1255K, committed 1344K, reserved 1048576K
}
Event: 1.068 GC heap after
{Heap after GC invocations=1 (full 0):
 garbage-first heap   total 122880K, used 6192K [0x0000000088200000, 0x0000000100000000)
  region size 1024K, 2 young (2048K), 2 survivors (2048K)
 Metaspace       used 12488K, committed 12672K, reserved 1114112K
  class space    used 1255K, committed 1344K, reserved 1048576K
}
Event: 1.400 GC heap before
{Heap before GC invocations=1 (full 0):
 garbage-first heap   total 122880K, used 15408K [0x0000000088200000, 0x0000000100000000)
  region size 1024K, 11 young (11264K), 2 survivors (2048K)
 Metaspace       used 15360K, committed 15552K, reserved 1114112K
  class space    used 1625K, committed 1728K, reserved 1048576K
}
Event: 1.405 GC heap after
{Heap after GC invocations=2 (full 0):
 garbage-first heap   total 122880K, used 7265K [0x0000000088200000, 0x0000000100000000)
  region size 1024K, 1 young (1024K), 1 survivors (1024K)
 Metaspace       used 15360K, committed 15552K, reserved 1114112K
  class space    used 1625K, committed 1728K, reserved 1048576K
}
Event: 2.055 GC heap before
{Heap before GC invocations=2 (full 0):
 garbage-first heap   total 122880K, used 32865K [0x0000000088200000, 0x0000000100000000)
  region size 1024K, 27 young (27648K), 1 survivors (1024K)
 Metaspace       used 21286K, committed 21568K, reserved 1114112K
  class space    used 2510K, committed 2624K, reserved 1048576K
}
Event: 2.062 GC heap after
{Heap after GC invocations=3 (full 0):
 garbage-first heap   total 122880K, used 9062K [0x0000000088200000, 0x0000000100000000)
  region size 1024K, 3 young (3072K), 3 survivors (3072K)
 Metaspace       used 21286K, committed 21568K, reserved 1114112K
  class space    used 2510K, committed 2624K, reserved 1048576K
}
Event: 2.395 GC heap before
{Heap before GC invocations=4 (full 0):
 garbage-first heap   total 40960K, used 29542K [0x0000000088200000, 0x0000000100000000)
  region size 1024K, 24 young (24576K), 3 survivors (3072K)
 Metaspace       used 24932K, committed 25280K, reserved 1114112K
  class space    used 3083K, committed 3264K, reserved 1048576K
}
Event: 2.402 GC heap after
{Heap after GC invocations=5 (full 0):
 garbage-first heap   total 40960K, used 10564K [0x0000000088200000, 0x0000000100000000)
  region size 1024K, 5 young (5120K), 5 survivors (5120K)
 Metaspace       used 24932K, committed 25280K, reserved 1114112K
  class space    used 3083K, committed 3264K, reserved 1048576K
}
Event: 2.412 GC heap before
{Heap before GC invocations=5 (full 0):
 garbage-first heap   total 40960K, used 10564K [0x0000000088200000, 0x0000000100000000)
  region size 1024K, 6 young (6144K), 5 survivors (5120K)
 Metaspace       used 25165K, committed 25472K, reserved 1114112K
  class space    used 3107K, committed 3264K, reserved 1048576K
}
Event: 2.419 GC heap after
{Heap after GC invocations=6 (full 0):
 garbage-first heap   total 40960K, used 11111K [0x0000000088200000, 0x0000000100000000)
  region size 1024K, 1 young (1024K), 1 survivors (1024K)
 Metaspace       used 25165K, committed 25472K, reserved 1114112K
  class space    used 3107K, committed 3264K, reserved 1048576K
}
Event: 2.652 GC heap before
{Heap before GC invocations=6 (full 0):
 garbage-first heap   total 40960K, used 25447K [0x0000000088200000, 0x0000000100000000)
  region size 1024K, 16 young (16384K), 1 survivors (1024K)
 Metaspace       used 28405K, committed 28736K, reserved 1114112K
  class space    used 3465K, committed 3648K, reserved 1048576K
}
Event: 2.656 GC heap after
{Heap after GC invocations=7 (full 0):
 garbage-first heap   total 40960K, used 12241K [0x0000000088200000, 0x0000000100000000)
  region size 1024K, 2 young (2048K), 2 survivors (2048K)
 Metaspace       used 28405K, committed 28736K, reserved 1114112K
  class space    used 3465K, committed 3648K, reserved 1048576K
}
Event: 2.924 GC heap before
{Heap before GC invocations=7 (full 0):
 garbage-first heap   total 40960K, used 27601K [0x0000000088200000, 0x0000000100000000)
  region size 1024K, 17 young (17408K), 2 survivors (2048K)
 Metaspace       used 30637K, committed 30912K, reserved 1114112K
  class space    used 3786K, committed 3904K, reserved 1048576K
}
Event: 2.930 GC heap after
{Heap after GC invocations=8 (full 0):
 garbage-first heap   total 81920K, used 13607K [0x0000000088200000, 0x0000000100000000)
  region size 1024K, 2 young (2048K), 2 survivors (2048K)
 Metaspace       used 30637K, committed 30912K, reserved 1114112K
  class space    used 3786K, committed 3904K, reserved 1048576K
}
Event: 3.928 GC heap before
{Heap before GC invocations=8 (full 0):
 garbage-first heap   total 81920K, used 50471K [0x0000000088200000, 0x0000000100000000)
  region size 1024K, 40 young (40960K), 2 survivors (2048K)
 Metaspace       used 35774K, committed 36160K, reserved 1114112K
  class space    used 4585K, committed 4800K, reserved 1048576K
}
Event: 3.939 GC heap after
{Heap after GC invocations=9 (full 0):
 garbage-first heap   total 81920K, used 16694K [0x0000000088200000, 0x0000000100000000)
  region size 1024K, 5 young (5120K), 5 survivors (5120K)
 Metaspace       used 35774K, committed 36160K, reserved 1114112K
  class space    used 4585K, committed 4800K, reserved 1048576K
}
Event: 4.804 GC heap before
{Heap before GC invocations=10 (full 0):
 garbage-first heap   total 65536K, used 50486K [0x0000000088200000, 0x0000000100000000)
  region size 1024K, 38 young (38912K), 5 survivors (5120K)
 Metaspace       used 40734K, committed 41152K, reserved 1114112K
  class space    used 5243K, committed 5440K, reserved 1048576K
}
Event: 4.815 GC heap after
{Heap after GC invocations=11 (full 0):
 garbage-first heap   total 65536K, used 19278K [0x0000000088200000, 0x0000000100000000)
  region size 1024K, 3 young (3072K), 3 survivors (3072K)
 Metaspace       used 40734K, committed 41152K, reserved 1114112K
  class space    used 5243K, committed 5440K, reserved 1048576K
}
Event: 5.626 GC heap before
{Heap before GC invocations=11 (full 0):
 garbage-first heap   total 65536K, used 47950K [0x0000000088200000, 0x0000000100000000)
  region size 1024K, 32 young (32768K), 3 survivors (3072K)
 Metaspace       used 46787K, committed 47296K, reserved 1114112K
  class space    used 6181K, committed 6464K, reserved 1048576K
}
Event: 5.632 GC heap after
{Heap after GC invocations=12 (full 0):
 garbage-first heap   total 65536K, used 20593K [0x0000000088200000, 0x0000000100000000)
  region size 1024K, 2 young (2048K), 2 survivors (2048K)
 Metaspace       used 46787K, committed 47296K, reserved 1114112K
  class space    used 6181K, committed 6464K, reserved 1048576K
}

