# JRE version: OpenJDK Runtime Environment Temurin-17.0.9+9 (17.0.9+9) (build 17.0.9+9)
# Java VM: OpenJDK 64-Bit Server VM Temurin-17.0.9+9 (17.0.9+9, mixed mode, emulated-client, tiered, compressed oops, compressed class ptrs, g1 gc, windows-amd64)
GC Precious Log:
 CPUs: 4 total, 4 available
 Memory: 7669M
 Large Page Support: Disabled
 NUMA Support: Disabled
 Compressed Oops: Enabled (32-bit)
 Heap Region Size: 1M
 Heap Min Capacity: 8M
 Heap Initial Capacity: 120M
 Heap Max Capacity: 1918M
 Pre-touch: Disabled
 Parallel Workers: 4
 Concurrent Workers: 1
 Concurrent Refinement Workers: 4
 Periodic GC: Disabled
Heap:
 garbage-first heap   total 66560K, used 44780K [0x0000000088200000, 0x0000000100000000)
  region size 1024K, 16 young (16384K), 1 survivors (1024K)
 Metaspace       used 76395K, committed 76928K, reserved 1179648K
  class space    used 10616K, committed 10880K, reserved 1048576K
GC Heap History (20 events):
Event: 4.657 GC heap before
{Heap before GC invocations=12 (full 0):
 garbage-first heap   total 46080K, used 32948K [0x0000000088200000, 0x0000000100000000)
  region size 1024K, 18 young (18432K), 3 survivors (3072K)
 Metaspace       used 38502K, committed 38976K, reserved 1114112K
  class space    used 4960K, committed 5184K, reserved 1048576K
}
Event: 4.670 GC heap after
{Heap after GC invocations=13 (full 0):
 garbage-first heap   total 46080K, used 19271K [0x0000000088200000, 0x0000000100000000)
  region size 1024K, 3 young (3072K), 3 survivors (3072K)
 Metaspace       used 38502K, committed 38976K, reserved 1114112K
  class space    used 4960K, committed 5184K, reserved 1048576K
}
Event: 5.058 GC heap before
{Heap before GC invocations=13 (full 0):
 garbage-first heap   total 46080K, used 34631K [0x0000000088200000, 0x0000000100000000)
  region size 1024K, 18 young (18432K), 3 survivors (3072K)
 Metaspace       used 40591K, committed 41024K, reserved 1114112K
  class space    used 5225K, committed 5440K, reserved 1048576K
}
Event: 5.065 GC heap after
{Heap after GC invocations=14 (full 0):
 garbage-first heap   total 55296K, used 19946K [0x0000000088200000, 0x0000000100000000)
  region size 1024K, 3 young (3072K), 3 survivors (3072K)
 Metaspace       used 40591K, committed 41024K, reserved 1114112K
  class space    used 5225K, committed 5440K, reserved 1048576K
}
Event: 5.581 GC heap before
{Heap before GC invocations=14 (full 0):
 garbage-first heap   total 55296K, used 41450K [0x0000000088200000, 0x0000000100000000)
  region size 1024K, 24 young (24576K), 3 survivors (3072K)
 Metaspace       used 44498K, committed 44992K, reserved 1114112K
  class space    used 5800K, committed 6016K, reserved 1048576K
}
Event: 5.587 GC heap after
{Heap after GC invocations=15 (full 0):
 garbage-first heap   total 55296K, used 21129K [0x0000000088200000, 0x0000000100000000)
  region size 1024K, 2 young (2048K), 2 survivors (2048K)
 Metaspace       used 44498K, committed 44992K, reserved 1114112K
  class space    used 5800K, committed 6016K, reserved 1048576K
}
Event: 6.219 GC heap before
{Heap before GC invocations=15 (full 0):
 garbage-first heap   total 55296K, used 41609K [0x0000000088200000, 0x0000000100000000)
  region size 1024K, 23 young (23552K), 2 survivors (2048K)
 Metaspace       used 51635K, committed 52096K, reserved 1114112K
  class space    used 6743K, committed 6976K, reserved 1048576K
}
Event: 6.226 GC heap after
{Heap after GC invocations=16 (full 0):
 garbage-first heap   total 55296K, used 23044K [0x0000000088200000, 0x0000000100000000)
  region size 1024K, 3 young (3072K), 3 survivors (3072K)
 Metaspace       used 51635K, committed 52096K, reserved 1114112K
  class space    used 6743K, committed 6976K, reserved 1048576K
}
Event: 6.815 GC heap before
{Heap before GC invocations=16 (full 0):
 garbage-first heap   total 55296K, used 42500K [0x0000000088200000, 0x0000000100000000)
  region size 1024K, 23 young (23552K), 3 survivors (3072K)
 Metaspace       used 56614K, committed 57152K, reserved 1114112K
  class space    used 7417K, committed 7680K, reserved 1048576K
}
Event: 6.822 GC heap after
{Heap after GC invocations=17 (full 0):
 garbage-first heap   total 55296K, used 24504K [0x0000000088200000, 0x0000000100000000)
  region size 1024K, 2 young (2048K), 2 survivors (2048K)
 Metaspace       used 56614K, committed 57152K, reserved 1114112K
  class space    used 7417K, committed 7680K, reserved 1048576K
}
Event: 7.253 GC heap before
{Heap before GC invocations=17 (full 0):
 garbage-first heap   total 55296K, used 40888K [0x0000000088200000, 0x0000000100000000)
  region size 1024K, 20 young (20480K), 2 survivors (2048K)
 Metaspace       used 60307K, committed 60800K, reserved 1114112K
  class space    used 7878K, committed 8128K, reserved 1048576K
}
Event: 7.258 GC heap after
{Heap after GC invocations=18 (full 0):
 garbage-first heap   total 66560K, used 25447K [0x0000000088200000, 0x0000000100000000)
  region size 1024K, 3 young (3072K), 3 survivors (3072K)
 Metaspace       used 60307K, committed 60800K, reserved 1114112K
  class space    used 7878K, committed 8128K, reserved 1048576K
}
Event: 8.010 GC heap before
{Heap before GC invocations=19 (full 0):
 garbage-first heap   total 66560K, used 51047K [0x0000000088200000, 0x0000000100000000)
  region size 1024K, 29 young (29696K), 3 survivors (3072K)
 Metaspace       used 66208K, committed 66752K, reserved 1114112K
  class space    used 8963K, committed 9216K, reserved 1048576K
}
Event: 8.016 GC heap after
{Heap after GC invocations=20 (full 0):
 garbage-first heap   total 66560K, used 26008K [0x0000000088200000, 0x0000000100000000)
  region size 1024K, 2 young (2048K), 2 survivors (2048K)
 Metaspace       used 66208K, committed 66752K, reserved 1114112K
  class space    used 8963K, committed 9216K, reserved 1048576K
}
Event: 8.615 GC heap before
{Heap before GC invocations=21 (full 0):
 garbage-first heap   total 66560K, used 51608K [0x0000000088200000, 0x0000000100000000)
  region size 1024K, 28 young (28672K), 2 survivors (2048K)
 Metaspace       used 70190K, committed 70784K, reserved 1114112K
  class space    used 9528K, committed 9792K, reserved 1048576K
}
Event: 8.622 GC heap after
{Heap after GC invocations=22 (full 0):
 garbage-first heap   total 66560K, used 27701K [0x0000000088200000, 0x0000000100000000)
  region size 1024K, 4 young (4096K), 4 survivors (4096K)
 Metaspace       used 70190K, committed 70784K, reserved 1114112K
  class space    used 9528K, committed 9792K, reserved 1048576K
}
Event: 9.050 GC heap before
{Heap before GC invocations=22 (full 0):
 garbage-first heap   total 66560K, used 51253K [0x0000000088200000, 0x0000000100000000)
  region size 1024K, 28 young (28672K), 4 survivors (4096K)
 Metaspace       used 73642K, committed 74176K, reserved 1114112K
  class space    used 10240K, committed 10496K, reserved 1048576K
}
Event: 9.060 GC heap after
{Heap after GC invocations=23 (full 0):
 garbage-first heap   total 66560K, used 29929K [0x0000000088200000, 0x0000000100000000)
  region size 1024K, 4 young (4096K), 4 survivors (4096K)
 Metaspace       used 73642K, committed 74176K, reserved 1114112K
  class space    used 10240K, committed 10496K, reserved 1048576K
}
Event: 9.265 GC heap before
{Heap before GC invocations=23 (full 0):
 garbage-first heap   total 66560K, used 51433K [0x0000000088200000, 0x0000000100000000)
  region size 1024K, 26 young (26624K), 4 survivors (4096K)
 Metaspace       used 75284K, committed 75776K, reserved 1114112K
  class space    used 10450K, committed 10688K, reserved 1048576K
}
Event: 9.273 GC heap after
{Heap after GC invocations=24 (full 0):
 garbage-first heap   total 66560K, used 30444K [0x0000000088200000, 0x0000000100000000)
  region size 1024K, 1 young (1024K), 1 survivors (1024K)
 Metaspace       used 75284K, committed 75776K, reserved 1114112K
  class space    used 10450K, committed 10688K, reserved 1048576K
}

