# JRE version: OpenJDK Runtime Environment Temurin-17.0.9+9 (17.0.9+9) (build 17.0.9+9)
# Java VM: OpenJDK 64-Bit Server VM Temurin-17.0.9+9 (17.0.9+9, mixed mode, emulated-client, tiered, compressed oops, compressed class ptrs, g1 gc, windows-amd64)
GC Precious Log:
 CPUs: 4 total, 4 available
 Memory: 7669M
 Large Page Support: Disabled
 NUMA Support: Disabled
 Compressed Oops: Enabled (32-bit)
 Heap Region Size: 1M
 Heap Min Capacity: 8M
 Heap Initial Capacity: 120M
 Heap Max Capacity: 1918M
 Pre-touch: Disabled
 Parallel Workers: 4
 Concurrent Workers: 1
 Concurrent Refinement Workers: 4
 Periodic GC: Disabled
Heap:
 garbage-first heap   total 79872K, used 40792K [0x0000000088200000, 0x0000000100000000)
  region size 1024K, 8 young (8192K), 3 survivors (3072K)
 Metaspace       used 91569K, committed 92352K, reserved 1179648K
  class space    used 12331K, committed 12672K, reserved 1048576K
GC Heap History (20 events):
Event: 8.314 GC heap before
{Heap before GC invocations=21 (full 0):
 garbage-first heap   total 55296K, used 43357K [0x0000000088200000, 0x0000000100000000)
  region size 1024K, 20 young (20480K), 2 survivors (2048K)
 Metaspace       used 67852K, committed 68352K, reserved 1114112K
  class space    used 9230K, committed 9472K, reserved 1048576K
}
Event: 8.319 GC heap after
{Heap after GC invocations=22 (full 0):
 garbage-first heap   total 55296K, used 25820K [0x0000000088200000, 0x0000000100000000)
  region size 1024K, 3 young (3072K), 3 survivors (3072K)
 Metaspace       used 67852K, committed 68352K, reserved 1114112K
  class space    used 9230K, committed 9472K, reserved 1048576K
}
Event: 8.636 GC heap before
{Heap before GC invocations=22 (full 0):
 garbage-first heap   total 55296K, used 42204K [0x0000000088200000, 0x0000000100000000)
  region size 1024K, 20 young (20480K), 3 survivors (3072K)
 Metaspace       used 70219K, committed 70784K, reserved 1114112K
  class space    used 9524K, committed 9792K, reserved 1048576K
}
Event: 8.643 GC heap after
{Heap after GC invocations=23 (full 0):
 garbage-first heap   total 66560K, used 27063K [0x0000000088200000, 0x0000000100000000)
  region size 1024K, 3 young (3072K), 3 survivors (3072K)
 Metaspace       used 70219K, committed 70784K, reserved 1114112K
  class space    used 9524K, committed 9792K, reserved 1048576K
}
Event: 9.085 GC heap before
{Heap before GC invocations=23 (full 0):
 garbage-first heap   total 66560K, used 51639K [0x0000000088200000, 0x0000000100000000)
  region size 1024K, 27 young (27648K), 3 survivors (3072K)
 Metaspace       used 73672K, committed 74240K, reserved 1114112K
  class space    used 10237K, committed 10496K, reserved 1048576K
}
Event: 9.094 GC heap after
{Heap after GC invocations=24 (full 0):
 garbage-first heap   total 66560K, used 29490K [0x0000000088200000, 0x0000000100000000)
  region size 1024K, 4 young (4096K), 4 survivors (4096K)
 Metaspace       used 73672K, committed 74240K, reserved 1114112K
  class space    used 10237K, committed 10496K, reserved 1048576K
}
Event: 9.311 GC heap before
{Heap before GC invocations=24 (full 0):
 garbage-first heap   total 66560K, used 50994K [0x0000000088200000, 0x0000000100000000)
  region size 1024K, 26 young (26624K), 4 survivors (4096K)
 Metaspace       used 75321K, committed 75840K, reserved 1114112K
  class space    used 10448K, committed 10688K, reserved 1048576K
}
Event: 9.318 GC heap after
{Heap after GC invocations=25 (full 0):
 garbage-first heap   total 66560K, used 29678K [0x0000000088200000, 0x0000000100000000)
  region size 1024K, 1 young (1024K), 1 survivors (1024K)
 Metaspace       used 75321K, committed 75840K, reserved 1114112K
  class space    used 10448K, committed 10688K, reserved 1048576K
}
Event: 9.769 GC heap before
{Heap before GC invocations=25 (full 0):
 garbage-first heap   total 66560K, used 52206K [0x0000000088200000, 0x0000000100000000)
  region size 1024K, 24 young (24576K), 1 survivors (1024K)
 Metaspace       used 77243K, committed 77760K, reserved 1179648K
  class space    used 10728K, committed 10944K, reserved 1048576K
}
Event: 9.776 GC heap after
{Heap after GC invocations=26 (full 0):
 garbage-first heap   total 66560K, used 31692K [0x0000000088200000, 0x0000000100000000)
  region size 1024K, 3 young (3072K), 3 survivors (3072K)
 Metaspace       used 77243K, committed 77760K, reserved 1179648K
  class space    used 10728K, committed 10944K, reserved 1048576K
}
Event: 19.402 GC heap before
{Heap before GC invocations=26 (full 0):
 garbage-first heap   total 66560K, used 53196K [0x0000000088200000, 0x0000000100000000)
  region size 1024K, 24 young (24576K), 3 survivors (3072K)
 Metaspace       used 80324K, committed 80896K, reserved 1179648K
  class space    used 11141K, committed 11392K, reserved 1048576K
}
Event: 19.415 GC heap after
{Heap after GC invocations=27 (full 0):
 garbage-first heap   total 79872K, used 33516K [0x0000000088200000, 0x0000000100000000)
  region size 1024K, 2 young (2048K), 2 survivors (2048K)
 Metaspace       used 80324K, committed 80896K, reserved 1179648K
  class space    used 11141K, committed 11392K, reserved 1048576K
}
Event: 20.552 GC heap before
{Heap before GC invocations=27 (full 0):
 garbage-first heap   total 79872K, used 61164K [0x0000000088200000, 0x0000000100000000)
  region size 1024K, 30 young (30720K), 2 survivors (2048K)
 Metaspace       used 86150K, committed 86720K, reserved 1179648K
  class space    used 11646K, committed 11904K, reserved 1048576K
}
Event: 20.561 GC heap after
{Heap after GC invocations=28 (full 0):
 garbage-first heap   total 79872K, used 35511K [0x0000000088200000, 0x0000000100000000)
  region size 1024K, 4 young (4096K), 4 survivors (4096K)
 Metaspace       used 86150K, committed 86720K, reserved 1179648K
  class space    used 11646K, committed 11904K, reserved 1048576K
}
Event: 24.563 GC heap before
{Heap before GC invocations=28 (full 0):
 garbage-first heap   total 79872K, used 61111K [0x0000000088200000, 0x0000000100000000)
  region size 1024K, 30 young (30720K), 4 survivors (4096K)
 Metaspace       used 89009K, committed 89600K, reserved 1179648K
  class space    used 11954K, committed 12224K, reserved 1048576K
}
Event: 24.574 GC heap after
{Heap after GC invocations=29 (full 0):
 garbage-first heap   total 79872K, used 36718K [0x0000000088200000, 0x0000000100000000)
  region size 1024K, 4 young (4096K), 4 survivors (4096K)
 Metaspace       used 89009K, committed 89600K, reserved 1179648K
  class space    used 11954K, committed 12224K, reserved 1048576K
}
Event: 43.270 GC heap before
{Heap before GC invocations=29 (full 0):
 garbage-first heap   total 79872K, used 62318K [0x0000000088200000, 0x0000000100000000)
  region size 1024K, 30 young (30720K), 4 survivors (4096K)
 Metaspace       used 90938K, committed 91584K, reserved 1179648K
  class space    used 12241K, committed 12544K, reserved 1048576K
}
Event: 43.279 GC heap after
{Heap after GC invocations=30 (full 0):
 garbage-first heap   total 79872K, used 36963K [0x0000000088200000, 0x0000000100000000)
  region size 1024K, 2 young (2048K), 2 survivors (2048K)
 Metaspace       used 90938K, committed 91584K, reserved 1179648K
  class space    used 12241K, committed 12544K, reserved 1048576K
}
Event: 45.221 GC heap before
{Heap before GC invocations=30 (full 0):
 garbage-first heap   total 79872K, used 62563K [0x0000000088200000, 0x0000000100000000)
  region size 1024K, 28 young (28672K), 2 survivors (2048K)
 Metaspace       used 91660K, committed 92288K, reserved 1179648K
  class space    used 12348K, committed 12672K, reserved 1048576K
}
Event: 45.227 GC heap after
{Heap after GC invocations=31 (full 0):
 garbage-first heap   total 79872K, used 37720K [0x0000000088200000, 0x0000000100000000)
  region size 1024K, 3 young (3072K), 3 survivors (3072K)
 Metaspace       used 91660K, committed 92288K, reserved 1179648K
  class space    used 12348K, committed 12672K, reserved 1048576K
}

