# JRE version: OpenJDK Runtime Environment Temurin-17.0.9+9 (17.0.9+9) (build 17.0.9+9)
# Java VM: OpenJDK 64-Bit Server VM Temurin-17.0.9+9 (17.0.9+9, mixed mode, emulated-client, tiered, compressed oops, compressed class ptrs, g1 gc, windows-amd64)
GC Precious Log:
 CPUs: 4 total, 4 available
 Memory: 7669M
 Large Page Support: Disabled
 NUMA Support: Disabled
 Compressed Oops: Enabled (32-bit)
 Heap Region Size: 1M
 Heap Min Capacity: 8M
 Heap Initial Capacity: 120M
 Heap Max Capacity: 1918M
 Pre-touch: Disabled
 Parallel Workers: 4
 Concurrent Workers: 1
 Concurrent Refinement Workers: 4
 Periodic GC: Disabled
Heap:
 garbage-first heap   total 73728K, used 38110K [0x0000000088200000, 0x0000000100000000)
  region size 1024K, 16 young (16384K), 5 survivors (5120K)
 Metaspace       used 73384K, committed 73984K, reserved 1114112K
  class space    used 9994K, committed 10304K, reserved 1048576K
GC Heap History (20 events):
Event: 2.350 GC heap before
{Heap before GC invocations=6 (full 0):
 garbage-first heap   total 37888K, used 11571K [0x0000000088200000, 0x0000000100000000)
  region size 1024K, 4 young (4096K), 3 survivors (3072K)
 Metaspace       used 24783K, committed 25088K, reserved 1114112K
  class space    used 3072K, committed 3200K, reserved 1048576K
}
Event: 2.355 GC heap after
{Heap after GC invocations=7 (full 0):
 garbage-first heap   total 37888K, used 10855K [0x0000000088200000, 0x0000000100000000)
  region size 1024K, 1 young (1024K), 1 survivors (1024K)
 Metaspace       used 24783K, committed 25088K, reserved 1114112K
  class space    used 3072K, committed 3200K, reserved 1048576K
}
Event: 2.540 GC heap before
{Heap before GC invocations=7 (full 0):
 garbage-first heap   total 37888K, used 24167K [0x0000000088200000, 0x0000000100000000)
  region size 1024K, 15 young (15360K), 1 survivors (1024K)
 Metaspace       used 27939K, committed 28224K, reserved 1114112K
  class space    used 3386K, committed 3520K, reserved 1048576K
}
Event: 2.543 GC heap after
{Heap after GC invocations=8 (full 0):
 garbage-first heap   total 74752K, used 12156K [0x0000000088200000, 0x0000000100000000)
  region size 1024K, 2 young (2048K), 2 survivors (2048K)
 Metaspace       used 27939K, committed 28224K, reserved 1114112K
  class space    used 3386K, committed 3520K, reserved 1048576K
}
Event: 3.415 GC heap before
{Heap before GC invocations=8 (full 0):
 garbage-first heap   total 74752K, used 53116K [0x0000000088200000, 0x0000000100000000)
  region size 1024K, 43 young (44032K), 2 survivors (2048K)
 Metaspace       used 33599K, committed 33920K, reserved 1114112K
  class space    used 4244K, committed 4416K, reserved 1048576K
}
Event: 3.425 GC heap after
{Heap after GC invocations=9 (full 0):
 garbage-first heap   total 74752K, used 15636K [0x0000000088200000, 0x0000000100000000)
  region size 1024K, 6 young (6144K), 6 survivors (6144K)
 Metaspace       used 33599K, committed 33920K, reserved 1114112K
  class space    used 4244K, committed 4416K, reserved 1048576K
}
Event: 3.744 GC heap before
{Heap before GC invocations=9 (full 0):
 garbage-first heap   total 74752K, used 26900K [0x0000000088200000, 0x0000000100000000)
  region size 1024K, 19 young (19456K), 6 survivors (6144K)
 Metaspace       used 35668K, committed 36096K, reserved 1114112K
  class space    used 4574K, committed 4800K, reserved 1048576K
}
Event: 3.756 GC heap after
{Heap after GC invocations=10 (full 0):
 garbage-first heap   total 74752K, used 17140K [0x0000000088200000, 0x0000000100000000)
  region size 1024K, 2 young (2048K), 2 survivors (2048K)
 Metaspace       used 35668K, committed 36096K, reserved 1114112K
  class space    used 4574K, committed 4800K, reserved 1048576K
}
Event: 4.616 GC heap before
{Heap before GC invocations=11 (full 0):
 garbage-first heap   total 61440K, used 51956K [0x0000000088200000, 0x0000000100000000)
  region size 1024K, 36 young (36864K), 2 survivors (2048K)
 Metaspace       used 40502K, committed 41024K, reserved 1114112K
  class space    used 5211K, committed 5440K, reserved 1048576K
}
Event: 4.629 GC heap after
{Heap after GC invocations=12 (full 0):
 garbage-first heap   total 61440K, used 18943K [0x0000000088200000, 0x0000000100000000)
  region size 1024K, 4 young (4096K), 4 survivors (4096K)
 Metaspace       used 40502K, committed 41024K, reserved 1114112K
  class space    used 5211K, committed 5440K, reserved 1048576K
}
Event: 5.351 GC heap before
{Heap before GC invocations=12 (full 0):
 garbage-first heap   total 61440K, used 45567K [0x0000000088200000, 0x0000000100000000)
  region size 1024K, 31 young (31744K), 4 survivors (4096K)
 Metaspace       used 45716K, committed 46272K, reserved 1114112K
  class space    used 5988K, committed 6272K, reserved 1048576K
}
Event: 5.359 GC heap after
{Heap after GC invocations=13 (full 0):
 garbage-first heap   total 61440K, used 20215K [0x0000000088200000, 0x0000000100000000)
  region size 1024K, 2 young (2048K), 2 survivors (2048K)
 Metaspace       used 45716K, committed 46272K, reserved 1114112K
  class space    used 5988K, committed 6272K, reserved 1048576K
}
Event: 6.255 GC heap before
{Heap before GC invocations=13 (full 0):
 garbage-first heap   total 61440K, used 45815K [0x0000000088200000, 0x0000000100000000)
  region size 1024K, 28 young (28672K), 2 survivors (2048K)
 Metaspace       used 55062K, committed 55552K, reserved 1114112K
  class space    used 7201K, committed 7424K, reserved 1048576K
}
Event: 6.262 GC heap after
{Heap after GC invocations=14 (full 0):
 garbage-first heap   total 73728K, used 22470K [0x0000000088200000, 0x0000000100000000)
  region size 1024K, 4 young (4096K), 4 survivors (4096K)
 Metaspace       used 55062K, committed 55552K, reserved 1114112K
  class space    used 7201K, committed 7424K, reserved 1048576K
}
Event: 6.849 GC heap before
{Heap before GC invocations=14 (full 0):
 garbage-first heap   total 73728K, used 47046K [0x0000000088200000, 0x0000000100000000)
  region size 1024K, 29 young (29696K), 4 survivors (4096K)
 Metaspace       used 60011K, committed 60480K, reserved 1114112K
  class space    used 7866K, committed 8064K, reserved 1048576K
}
Event: 6.856 GC heap after
{Heap after GC invocations=15 (full 0):
 garbage-first heap   total 73728K, used 23991K [0x0000000088200000, 0x0000000100000000)
  region size 1024K, 4 young (4096K), 4 survivors (4096K)
 Metaspace       used 60011K, committed 60480K, reserved 1114112K
  class space    used 7866K, committed 8064K, reserved 1048576K
}
Event: 7.811 GC heap before
{Heap before GC invocations=16 (full 0):
 garbage-first heap   total 73728K, used 57783K [0x0000000088200000, 0x0000000100000000)
  region size 1024K, 37 young (37888K), 4 survivors (4096K)
 Metaspace       used 67963K, committed 68480K, reserved 1114112K
  class space    used 9222K, committed 9472K, reserved 1048576K
}
Event: 7.819 GC heap after
{Heap after GC invocations=17 (full 0):
 garbage-first heap   total 73728K, used 25474K [0x0000000088200000, 0x0000000100000000)
  region size 1024K, 3 young (3072K), 3 survivors (3072K)
 Metaspace       used 67963K, committed 68480K, reserved 1114112K
  class space    used 9222K, committed 9472K, reserved 1048576K
}
Event: 8.550 GC heap before
{Heap before GC invocations=18 (full 0):
 garbage-first heap   total 73728K, used 58242K [0x0000000088200000, 0x0000000100000000)
  region size 1024K, 35 young (35840K), 3 survivors (3072K)
 Metaspace       used 72254K, committed 72832K, reserved 1114112K
  class space    used 9832K, committed 10112K, reserved 1048576K
}
Event: 8.559 GC heap after
{Heap after GC invocations=19 (full 0):
 garbage-first heap   total 73728K, used 27870K [0x0000000088200000, 0x0000000100000000)
  region size 1024K, 5 young (5120K), 5 survivors (5120K)
 Metaspace       used 72254K, committed 72832K, reserved 1114112K
  class space    used 9832K, committed 10112K, reserved 1048576K
}

