# JRE version: OpenJDK Runtime Environment Temurin-17.0.9+9 (17.0.9+9) (build 17.0.9+9)
# Java VM: OpenJDK 64-Bit Server VM Temurin-17.0.9+9 (17.0.9+9, mixed mode, emulated-client, tiered, compressed oops, compressed class ptrs, g1 gc, windows-amd64)
GC Precious Log:
 CPUs: 4 total, 4 available
 Memory: 7669M
 Large Page Support: Disabled
 NUMA Support: Disabled
 Compressed Oops: Enabled (32-bit)
 Heap Region Size: 1M
 Heap Min Capacity: 8M
 Heap Initial Capacity: 120M
 Heap Max Capacity: 1918M
 Pre-touch: Disabled
 Parallel Workers: 4
 Concurrent Workers: 1
 Concurrent Refinement Workers: 4
 Periodic GC: Disabled
Heap:
 garbage-first heap   total 60416K, used 47670K [0x0000000088200000, 0x0000000100000000)
  region size 1024K, 25 young (25600K), 3 survivors (3072K)
 Metaspace       used 69559K, committed 70144K, reserved 1114112K
  class space    used 9405K, committed 9664K, reserved 1048576K
GC Heap History (20 events):
Event: 2.925 GC heap after
{Heap after GC invocations=7 (full 0):
 garbage-first heap   total 40960K, used 14033K [0x0000000088200000, 0x0000000100000000)
  region size 1024K, 2 young (2048K), 2 survivors (2048K)
 Metaspace       used 30410K, committed 30720K, reserved 1114112K
  class space    used 3756K, committed 3904K, reserved 1048576K
}
Event: 3.239 GC heap before
{Heap before GC invocations=7 (full 0):
 garbage-first heap   total 40960K, used 28369K [0x0000000088200000, 0x0000000100000000)
  region size 1024K, 16 young (16384K), 2 survivors (2048K)
 Metaspace       used 32265K, committed 32512K, reserved 1114112K
  class space    used 4031K, committed 4160K, reserved 1048576K
}
Event: 3.245 GC heap after
{Heap after GC invocations=8 (full 0):
 garbage-first heap   total 50176K, used 15569K [0x0000000088200000, 0x0000000100000000)
  region size 1024K, 2 young (2048K), 2 survivors (2048K)
 Metaspace       used 32265K, committed 32512K, reserved 1114112K
  class space    used 4031K, committed 4160K, reserved 1048576K
}
Event: 3.832 GC heap before
{Heap before GC invocations=8 (full 0):
 garbage-first heap   total 50176K, used 36049K [0x0000000088200000, 0x0000000100000000)
  region size 1024K, 22 young (22528K), 2 survivors (2048K)
 Metaspace       used 35198K, committed 35584K, reserved 1114112K
  class space    used 4490K, committed 4672K, reserved 1048576K
}
Event: 3.841 GC heap after
{Heap after GC invocations=9 (full 0):
 garbage-first heap   total 50176K, used 17071K [0x0000000088200000, 0x0000000100000000)
  region size 1024K, 3 young (3072K), 3 survivors (3072K)
 Metaspace       used 35198K, committed 35584K, reserved 1114112K
  class space    used 4490K, committed 4672K, reserved 1048576K
}
Event: 3.924 GC heap before
{Heap before GC invocations=9 (full 0):
 garbage-first heap   total 50176K, used 20143K [0x0000000088200000, 0x0000000100000000)
  region size 1024K, 7 young (7168K), 3 survivors (3072K)
 Metaspace       used 35777K, committed 36160K, reserved 1114112K
  class space    used 4590K, committed 4800K, reserved 1048576K
}
Event: 3.932 GC heap after
{Heap after GC invocations=10 (full 0):
 garbage-first heap   total 50176K, used 17489K [0x0000000088200000, 0x0000000100000000)
  region size 1024K, 1 young (1024K), 1 survivors (1024K)
 Metaspace       used 35777K, committed 36160K, reserved 1114112K
  class space    used 4590K, committed 4800K, reserved 1048576K
}
Event: 4.475 GC heap before
{Heap before GC invocations=11 (full 0):
 garbage-first heap   total 50176K, used 35921K [0x0000000088200000, 0x0000000100000000)
  region size 1024K, 20 young (20480K), 1 survivors (1024K)
 Metaspace       used 38964K, committed 39424K, reserved 1114112K
  class space    used 5025K, committed 5248K, reserved 1048576K
}
Event: 4.482 GC heap after
{Heap after GC invocations=12 (full 0):
 garbage-first heap   total 50176K, used 18960K [0x0000000088200000, 0x0000000100000000)
  region size 1024K, 2 young (2048K), 2 survivors (2048K)
 Metaspace       used 38964K, committed 39424K, reserved 1114112K
  class space    used 5025K, committed 5248K, reserved 1048576K
}
Event: 4.870 GC heap before
{Heap before GC invocations=12 (full 0):
 garbage-first heap   total 50176K, used 37392K [0x0000000088200000, 0x0000000100000000)
  region size 1024K, 20 young (20480K), 2 survivors (2048K)
 Metaspace       used 41484K, committed 41920K, reserved 1114112K
  class space    used 5345K, committed 5568K, reserved 1048576K
}
Event: 4.876 GC heap after
{Heap after GC invocations=13 (full 0):
 garbage-first heap   total 60416K, used 19977K [0x0000000088200000, 0x0000000100000000)
  region size 1024K, 2 young (2048K), 2 survivors (2048K)
 Metaspace       used 41484K, committed 41920K, reserved 1114112K
  class space    used 5345K, committed 5568K, reserved 1048576K
}
Event: 5.552 GC heap before
{Heap before GC invocations=13 (full 0):
 garbage-first heap   total 60416K, used 45577K [0x0000000088200000, 0x0000000100000000)
  region size 1024K, 27 young (27648K), 2 survivors (2048K)
 Metaspace       used 46790K, committed 47296K, reserved 1114112K
  class space    used 6184K, committed 6464K, reserved 1048576K
}
Event: 5.557 GC heap after
{Heap after GC invocations=14 (full 0):
 garbage-first heap   total 60416K, used 20973K [0x0000000088200000, 0x0000000100000000)
  region size 1024K, 3 young (3072K), 3 survivors (3072K)
 Metaspace       used 46790K, committed 47296K, reserved 1114112K
  class space    used 6184K, committed 6464K, reserved 1048576K
}
Event: 6.383 GC heap before
{Heap before GC invocations=14 (full 0):
 garbage-first heap   total 60416K, used 45549K [0x0000000088200000, 0x0000000100000000)
  region size 1024K, 28 young (28672K), 3 survivors (3072K)
 Metaspace       used 55799K, committed 56320K, reserved 1114112K
  class space    used 7309K, committed 7552K, reserved 1048576K
}
Event: 6.390 GC heap after
{Heap after GC invocations=15 (full 0):
 garbage-first heap   total 60416K, used 23397K [0x0000000088200000, 0x0000000100000000)
  region size 1024K, 4 young (4096K), 4 survivors (4096K)
 Metaspace       used 55799K, committed 56320K, reserved 1114112K
  class space    used 7309K, committed 7552K, reserved 1048576K
}
Event: 6.931 GC heap before
{Heap before GC invocations=15 (full 0):
 garbage-first heap   total 60416K, used 45925K [0x0000000088200000, 0x0000000100000000)
  region size 1024K, 27 young (27648K), 4 survivors (4096K)
 Metaspace       used 60126K, committed 60608K, reserved 1114112K
  class space    used 7882K, committed 8128K, reserved 1048576K
}
Event: 6.939 GC heap after
{Heap after GC invocations=16 (full 0):
 garbage-first heap   total 60416K, used 25190K [0x0000000088200000, 0x0000000100000000)
  region size 1024K, 2 young (2048K), 2 survivors (2048K)
 Metaspace       used 60126K, committed 60608K, reserved 1114112K
  class space    used 7882K, committed 8128K, reserved 1048576K
}
Event: 7.591 GC heap before
{Heap before GC invocations=17 (full 0):
 garbage-first heap   total 60416K, used 46694K [0x0000000088200000, 0x0000000100000000)
  region size 1024K, 24 young (24576K), 2 survivors (2048K)
 Metaspace       used 65278K, committed 65792K, reserved 1114112K
  class space    used 8827K, committed 9088K, reserved 1048576K
}
Event: 7.596 GC heap after
{Heap after GC invocations=18 (full 0):
 garbage-first heap   total 60416K, used 25142K [0x0000000088200000, 0x0000000100000000)
  region size 1024K, 2 young (2048K), 2 survivors (2048K)
 Metaspace       used 65278K, committed 65792K, reserved 1114112K
  class space    used 8827K, committed 9088K, reserved 1048576K
}
Event: 8.161 GC heap before
{Heap before GC invocations=19 (full 0):
 garbage-first heap   total 60416K, used 47670K [0x0000000088200000, 0x0000000100000000)
  region size 1024K, 24 young (24576K), 2 survivors (2048K)
 Metaspace       used 69559K, committed 70144K, reserved 1114112K
  class space    used 9405K, committed 9664K, reserved 1048576K
}

