# JRE version: OpenJDK Runtime Environment Temurin-17.0.9+9 (17.0.9+9) (build 17.0.9+9)
# Java VM: OpenJDK 64-Bit Server VM Temurin-17.0.9+9 (17.0.9+9, mixed mode, emulated-client, tiered, compressed oops, compressed class ptrs, g1 gc, windows-amd64)
GC Precious Log:
 CPUs: 4 total, 4 available
 Memory: 7669M
 Large Page Support: Disabled
 NUMA Support: Disabled
 Compressed Oops: Enabled (32-bit)
 Heap Region Size: 1M
 Heap Min Capacity: 8M
 Heap Initial Capacity: 120M
 Heap Max Capacity: 1918M
 Pre-touch: Disabled
 Parallel Workers: 4
 Concurrent Workers: 1
 Concurrent Refinement Workers: 4
 Periodic GC: Disabled
Heap:
 garbage-first heap   total 73728K, used 42341K [0x0000000088200000, 0x0000000100000000)
  region size 1024K, 10 young (10240K), 2 survivors (2048K)
 Metaspace       used 90988K, committed 91712K, reserved 1179648K
  class space    used 12284K, committed 12608K, reserved 1048576K
GC Heap History (20 events):
Event: 9.619 GC heap before
{Heap before GC invocations=26 (full 0):
 garbage-first heap   total 58368K, used 46491K [0x0000000088200000, 0x0000000100000000)
  region size 1024K, 19 young (19456K), 3 survivors (3072K)
 Metaspace       used 77652K, committed 78144K, reserved 1179648K
  class space    used 10803K, committed 11008K, reserved 1048576K
}
Event: 9.628 GC heap after
{Heap after GC invocations=27 (full 0):
 garbage-first heap   total 70656K, used 31856K [0x0000000088200000, 0x0000000100000000)
  region size 1024K, 3 young (3072K), 3 survivors (3072K)
 Metaspace       used 77652K, committed 78144K, reserved 1179648K
  class space    used 10803K, committed 11008K, reserved 1048576K
}
Event: 20.227 GC heap before
{Heap before GC invocations=28 (full 0):
 garbage-first heap   total 70656K, used 55408K [0x0000000088200000, 0x0000000100000000)
  region size 1024K, 27 young (27648K), 3 survivors (3072K)
 Metaspace       used 81549K, committed 82112K, reserved 1179648K
  class space    used 11272K, committed 11520K, reserved 1048576K
}
Event: 20.239 GC heap after
{Heap after GC invocations=29 (full 0):
 garbage-first heap   total 70656K, used 33893K [0x0000000088200000, 0x0000000100000000)
  region size 1024K, 4 young (4096K), 4 survivors (4096K)
 Metaspace       used 81549K, committed 82112K, reserved 1179648K
  class space    used 11272K, committed 11520K, reserved 1048576K
}
Event: 21.532 GC heap before
{Heap before GC invocations=29 (full 0):
 garbage-first heap   total 70656K, used 55397K [0x0000000088200000, 0x0000000100000000)
  region size 1024K, 26 young (26624K), 4 survivors (4096K)
 Metaspace       used 86190K, committed 86720K, reserved 1179648K
  class space    used 11667K, committed 11904K, reserved 1048576K
}
Event: 21.544 GC heap after
{Heap after GC invocations=30 (full 0):
 garbage-first heap   total 70656K, used 35619K [0x0000000088200000, 0x0000000100000000)
  region size 1024K, 2 young (2048K), 2 survivors (2048K)
 Metaspace       used 86190K, committed 86720K, reserved 1179648K
  class space    used 11667K, committed 11904K, reserved 1048576K
}
Event: 27.054 GC heap before
{Heap before GC invocations=30 (full 0):
 garbage-first heap   total 70656K, used 56099K [0x0000000088200000, 0x0000000100000000)
  region size 1024K, 23 young (23552K), 2 survivors (2048K)
 Metaspace       used 87991K, committed 88576K, reserved 1179648K
  class space    used 11843K, committed 12096K, reserved 1048576K
}
Event: 27.068 GC heap after
{Heap after GC invocations=31 (full 0):
 garbage-first heap   total 70656K, used 35875K [0x0000000088200000, 0x0000000100000000)
  region size 1024K, 3 young (3072K), 3 survivors (3072K)
 Metaspace       used 87991K, committed 88576K, reserved 1179648K
  class space    used 11843K, committed 12096K, reserved 1048576K
}
Event: 42.697 GC heap before
{Heap before GC invocations=32 (full 0):
 garbage-first heap   total 70656K, used 55331K [0x0000000088200000, 0x0000000100000000)
  region size 1024K, 23 young (23552K), 3 survivors (3072K)
 Metaspace       used 88413K, committed 88960K, reserved 1179648K
  class space    used 11912K, committed 12160K, reserved 1048576K
}
Event: 42.704 GC heap after
{Heap after GC invocations=33 (full 0):
 garbage-first heap   total 70656K, used 35976K [0x0000000088200000, 0x0000000100000000)
  region size 1024K, 1 young (1024K), 1 survivors (1024K)
 Metaspace       used 88413K, committed 88960K, reserved 1179648K
  class space    used 11912K, committed 12160K, reserved 1048576K
}
Event: 42.772 GC heap before
{Heap before GC invocations=33 (full 0):
 garbage-first heap   total 70656K, used 37000K [0x0000000088200000, 0x0000000100000000)
  region size 1024K, 3 young (3072K), 1 survivors (1024K)
 Metaspace       used 88775K, committed 89344K, reserved 1179648K
  class space    used 11974K, committed 12224K, reserved 1048576K
}
Event: 42.792 GC heap after
{Heap after GC invocations=34 (full 0):
 garbage-first heap   total 70656K, used 36080K [0x0000000088200000, 0x0000000100000000)
  region size 1024K, 1 young (1024K), 1 survivors (1024K)
 Metaspace       used 88775K, committed 89344K, reserved 1179648K
  class space    used 11974K, committed 12224K, reserved 1048576K
}
Event: 48.497 GC heap before
{Heap before GC invocations=34 (full 0):
 garbage-first heap   total 70656K, used 57584K [0x0000000088200000, 0x0000000100000000)
  region size 1024K, 23 young (23552K), 1 survivors (1024K)
 Metaspace       used 90297K, committed 90944K, reserved 1179648K
  class space    used 12188K, committed 12480K, reserved 1048576K
}
Event: 48.502 GC heap after
{Heap after GC invocations=35 (full 0):
 garbage-first heap   total 70656K, used 36917K [0x0000000088200000, 0x0000000100000000)
  region size 1024K, 2 young (2048K), 2 survivors (2048K)
 Metaspace       used 90297K, committed 90944K, reserved 1179648K
  class space    used 12188K, committed 12480K, reserved 1048576K
}
Event: 70.610 GC heap before
{Heap before GC invocations=36 (full 0):
 garbage-first heap   total 70656K, used 57397K [0x0000000088200000, 0x0000000100000000)
  region size 1024K, 23 young (23552K), 2 survivors (2048K)
 Metaspace       used 91032K, committed 91584K, reserved 1179648K
  class space    used 12306K, committed 12544K, reserved 1048576K
}
Event: 70.617 GC heap after
{Heap after GC invocations=37 (full 0):
 garbage-first heap   total 70656K, used 37263K [0x0000000088200000, 0x0000000100000000)
  region size 1024K, 2 young (2048K), 2 survivors (2048K)
 Metaspace       used 91032K, committed 91584K, reserved 1179648K
  class space    used 12306K, committed 12544K, reserved 1048576K
}
Event: 70.635 GC heap before
{Heap before GC invocations=37 (full 0):
 garbage-first heap   total 70656K, used 38287K [0x0000000088200000, 0x0000000100000000)
  region size 1024K, 3 young (3072K), 2 survivors (2048K)
 Metaspace       used 91032K, committed 91584K, reserved 1179648K
  class space    used 12306K, committed 12544K, reserved 1048576K
}
Event: 70.651 GC heap after
{Heap after GC invocations=38 (full 0):
 garbage-first heap   total 70656K, used 35447K [0x0000000088200000, 0x0000000100000000)
  region size 1024K, 1 young (1024K), 1 survivors (1024K)
 Metaspace       used 91032K, committed 91584K, reserved 1179648K
  class space    used 12306K, committed 12544K, reserved 1048576K
}
Event: 102.093 GC heap before
{Heap before GC invocations=38 (full 0):
 garbage-first heap   total 70656K, used 56951K [0x0000000088200000, 0x0000000100000000)
  region size 1024K, 23 young (23552K), 1 survivors (1024K)
 Metaspace       used 91104K, committed 91712K, reserved 1179648K
  class space    used 12313K, committed 12608K, reserved 1048576K
}
Event: 102.098 GC heap after
{Heap after GC invocations=39 (full 0):
 garbage-first heap   total 70656K, used 36197K [0x0000000088200000, 0x0000000100000000)
  region size 1024K, 2 young (2048K), 2 survivors (2048K)
 Metaspace       used 91104K, committed 91712K, reserved 1179648K
  class space    used 12313K, committed 12608K, reserved 1048576K
}

